<?xml version="1.0" encoding="UTF-8"?>
<testsuite xmlns:xsi="http://www.w3.org/2001/XMLSchema-instance" xsi:noNamespaceSchemaLocation="https://maven.apache.org/surefire/maven-surefire-plugin/xsd/surefire-test-report.xsd" name="com.am.testrunner.TestRunner" time="0.581" tests="1" errors="1" skipped="0" failures="0">
  <properties>
    <property name="gopherProxySet" value="false"/>
    <property name="awt.toolkit" value="sun.lwawt.macosx.LWCToolkit"/>
    <property name="java.specification.version" value="11"/>
    <property name="sun.cpu.isalist" value=""/>
    <property name="sun.jnu.encoding" value="UTF-8"/>
    <property name="java.class.path" value="/Users/akmish/Downloads/Account-Management/target/test-classes:/Users/akmish/Downloads/Account-Management/target/classes:/Users/akmish/.m2/repository/io/cucumber/cucumber-junit/6.11.0/cucumber-junit-6.11.0.jar:/Users/akmish/.m2/repository/org/apiguardian/apiguardian-api/1.1.2/apiguardian-api-1.1.2.jar:/Users/akmish/.m2/repository/io/cucumber/cucumber-core/6.11.0/cucumber-core-6.11.0.jar:/Users/akmish/.m2/repository/io/cucumber/cucumber-gherkin/6.11.0/cucumber-gherkin-6.11.0.jar:/Users/akmish/.m2/repository/io/cucumber/cucumber-gherkin-messages/6.11.0/cucumber-gherkin-messages-6.11.0.jar:/Users/akmish/.m2/repository/io/cucumber/messages/15.0.0/messages-15.0.0.jar:/Users/akmish/.m2/repository/io/cucumber/tag-expressions/3.0.1/tag-expressions-3.0.1.jar:/Users/akmish/.m2/repository/io/cucumber/cucumber-expressions/10.3.0/cucumber-expressions-10.3.0.jar:/Users/akmish/.m2/repository/io/cucumber/datatable/3.5.0/datatable-3.5.0.jar:/Users/akmish/.m2/repository/io/cucumber/cucumber-plugin/6.11.0/cucumber-plugin-6.11.0.jar:/Users/akmish/.m2/repository/io/cucumber/docstring/6.11.0/docstring-6.11.0.jar:/Users/akmish/.m2/repository/io/cucumber/html-formatter/13.0.0/html-formatter-13.0.0.jar:/Users/akmish/.m2/repository/io/cucumber/create-meta/4.0.0/create-meta-4.0.0.jar:/Users/akmish/.m2/repository/org/json/json/20190722/json-20190722.jar:/Users/akmish/.m2/repository/com/google/guava/guava-gwt/28.2-jre/guava-gwt-28.2-jre.jar:/Users/akmish/.m2/repository/com/google/guava/failureaccess/1.0.1/failureaccess-1.0.1.jar:/Users/akmish/.m2/repository/com/google/guava/guava/28.2-jre/guava-28.2-jre.jar:/Users/akmish/.m2/repository/com/google/guava/listenablefuture/9999.0-empty-to-avoid-conflict-with-guava/listenablefuture-9999.0-empty-to-avoid-conflict-with-guava.jar:/Users/akmish/.m2/repository/com/google/code/findbugs/jsr305/3.0.2/jsr305-3.0.2.jar:/Users/akmish/.m2/repository/com/google/errorprone/error_prone_annotations/2.3.4/error_prone_annotations-2.3.4.jar:/Users/akmish/.m2/repository/com/google/j2objc/j2objc-annotations/1.3/j2objc-annotations-1.3.jar:/Users/akmish/.m2/repository/com/google/elemental2/elemental2-promise/1.0.0-RC1/elemental2-promise-1.0.0-RC1.jar:/Users/akmish/.m2/repository/com/google/jsinterop/jsinterop-annotations/1.0.2/jsinterop-annotations-1.0.2.jar:/Users/akmish/.m2/repository/com/google/jsinterop/base/1.0.0-RC1/base-1.0.0-RC1.jar:/Users/akmish/.m2/repository/org/checkerframework/checker-qual/2.10.0/checker-qual-2.10.0.jar:/Users/akmish/.m2/repository/io/cucumber/cucumber-java/6.11.0/cucumber-java-6.11.0.jar:/Users/akmish/.m2/repository/org/seleniumhq/selenium/selenium-java/3.141.59/selenium-java-3.141.59.jar:/Users/akmish/.m2/repository/org/seleniumhq/selenium/selenium-api/3.141.59/selenium-api-3.141.59.jar:/Users/akmish/.m2/repository/org/seleniumhq/selenium/selenium-chrome-driver/3.141.59/selenium-chrome-driver-3.141.59.jar:/Users/akmish/.m2/repository/org/seleniumhq/selenium/selenium-edge-driver/3.141.59/selenium-edge-driver-3.141.59.jar:/Users/akmish/.m2/repository/org/seleniumhq/selenium/selenium-firefox-driver/3.141.59/selenium-firefox-driver-3.141.59.jar:/Users/akmish/.m2/repository/org/seleniumhq/selenium/selenium-ie-driver/3.141.59/selenium-ie-driver-3.141.59.jar:/Users/akmish/.m2/repository/org/seleniumhq/selenium/selenium-opera-driver/3.141.59/selenium-opera-driver-3.141.59.jar:/Users/akmish/.m2/repository/org/seleniumhq/selenium/selenium-remote-driver/3.141.59/selenium-remote-driver-3.141.59.jar:/Users/akmish/.m2/repository/org/seleniumhq/selenium/selenium-safari-driver/3.141.59/selenium-safari-driver-3.141.59.jar:/Users/akmish/.m2/repository/org/seleniumhq/selenium/selenium-support/3.141.59/selenium-support-3.141.59.jar:/Users/akmish/.m2/repository/net/bytebuddy/byte-buddy/1.8.15/byte-buddy-1.8.15.jar:/Users/akmish/.m2/repository/org/apache/commons/commons-exec/1.3/commons-exec-1.3.jar:/Users/akmish/.m2/repository/com/squareup/okhttp3/okhttp/3.11.0/okhttp-3.11.0.jar:/Users/akmish/.m2/repository/com/squareup/okio/okio/1.14.0/okio-1.14.0.jar:/Users/akmish/.m2/repository/junit/junit/4.12/junit-4.12.jar:/Users/akmish/.m2/repository/org/hamcrest/hamcrest-core/1.3/hamcrest-core-1.3.jar:/Users/akmish/.m2/repository/org/uncommons/reportng/1.1.4/reportng-1.1.4.jar:/Users/akmish/.m2/repository/org/testng/testng/7.6.1/testng-7.6.1.jar:/Users/akmish/.m2/repository/com/beust/jcommander/1.82/jcommander-1.82.jar:/Users/akmish/.m2/repository/org/webjars/jquery/3.6.0/jquery-3.6.0.jar:/Users/akmish/.m2/repository/velocity/velocity/1.4/velocity-1.4.jar:/Users/akmish/.m2/repository/com/google/inject/guice/4.0/guice-4.0.jar:/Users/akmish/.m2/repository/javax/inject/javax.inject/1/javax.inject-1.jar:/Users/akmish/.m2/repository/aopalliance/aopalliance/1.0/aopalliance-1.0.jar:/Users/akmish/.m2/repository/velocity/velocity-dep/1.4/velocity-dep-1.4.jar:/Users/akmish/.m2/repository/org/ocpsoft/prettytime/prettytime/3.2.7.Final/prettytime-3.2.7.Final.jar:/Users/akmish/.m2/repository/org/apache/commons/commons-lang3/3.4/commons-lang3-3.4.jar:/Users/akmish/.m2/repository/com/vimalselvam/cucumber-extentsreport/3.0.2/cucumber-extentsreport-3.0.2.jar:/Users/akmish/.m2/repository/com/aventstack/extentreports/3.1.1/extentreports-3.1.1.jar:/Users/akmish/.m2/repository/org/mongodb/mongodb-driver/3.3.0/mongodb-driver-3.3.0.jar:/Users/akmish/.m2/repository/org/mongodb/bson/3.3.0/bson-3.3.0.jar:/Users/akmish/.m2/repository/org/mongodb/mongodb-driver-core/3.3.0/mongodb-driver-core-3.3.0.jar:/Users/akmish/.m2/repository/org/apache/httpcomponents/httpclient/4.5.2/httpclient-4.5.2.jar:/Users/akmish/.m2/repository/org/apache/httpcomponents/httpcore/4.4.4/httpcore-4.4.4.jar:/Users/akmish/.m2/repository/commons-logging/commons-logging/1.2/commons-logging-1.2.jar:/Users/akmish/.m2/repository/commons-codec/commons-codec/1.9/commons-codec-1.9.jar:/Users/akmish/.m2/repository/org/apache/httpcomponents/httpmime/4.5.2/httpmime-4.5.2.jar:/Users/akmish/.m2/repository/com/google/code/gson/gson/2.8.0/gson-2.8.0.jar:/Users/akmish/.m2/repository/org/jsoup/jsoup/1.8.3/jsoup-1.8.3.jar:/Users/akmish/.m2/repository/org/xerial/sqlite-jdbc/3.8.11.1/sqlite-jdbc-3.8.11.1.jar:/Users/akmish/.m2/repository/org/freemarker/freemarker/2.3.23/freemarker-2.3.23.jar:/Users/akmish/.m2/repository/com/googlecode/json-simple/json-simple/1.1.1/json-simple-1.1.1.jar:/Users/akmish/.m2/repository/io/github/bonigarcia/webdrivermanager/4.0.0/webdrivermanager-4.0.0.jar:/Users/akmish/.m2/repository/org/slf4j/slf4j-api/1.7.30/slf4j-api-1.7.30.jar:/Users/akmish/.m2/repository/commons-io/commons-io/2.6/commons-io-2.6.jar:/Users/akmish/.m2/repository/org/apache/httpcomponents/client5/httpclient5/5.0/httpclient5-5.0.jar:/Users/akmish/.m2/repository/org/apache/httpcomponents/core5/httpcore5/5.0/httpcore5-5.0.jar:/Users/akmish/.m2/repository/org/apache/httpcomponents/core5/httpcore5-h2/5.0/httpcore5-h2-5.0.jar:/Users/akmish/.m2/repository/org/rauschig/jarchivelib/1.0.0/jarchivelib-1.0.0.jar:/Users/akmish/.m2/repository/org/apache/commons/commons-compress/1.18/commons-compress-1.18.jar:"/>
    <property name="java.vm.vendor" value="Eclipse Adoptium"/>
    <property name="sun.arch.data.model" value="64"/>
    <property name="java.vendor.url" value="https://adoptium.net/"/>
    <property name="user.timezone" value=""/>
    <property name="java.vm.specification.version" value="11"/>
    <property name="os.name" value="Mac OS X"/>
    <property name="sun.java.launcher" value="SUN_STANDARD"/>
    <property name="user.country" value="GB"/>
    <property name="sun.boot.library.path" value="/Users/akmish/.p2/pool/plugins/org.eclipse.justj.openjdk.hotspot.jre.full.macosx.x86_64_11.0.14.v20220201-1322/jre/lib"/>
    <property name="sun.java.command" value="/Users/akmish/Downloads/Account-Management/target/surefire/surefirebooter10747160877430507917.jar /Users/akmish/Downloads/Account-Management/target/surefire 2022-09-20T03-16-12_984-jvmRun1 surefire6728270438065170273tmp surefire_012651397360057007088tmp"/>
    <property name="jdk.debug" value="release"/>
    <property name="surefire.test.class.path" value="/Users/akmish/Downloads/Account-Management/target/test-classes:/Users/akmish/Downloads/Account-Management/target/classes:/Users/akmish/.m2/repository/io/cucumber/cucumber-junit/6.11.0/cucumber-junit-6.11.0.jar:/Users/akmish/.m2/repository/org/apiguardian/apiguardian-api/1.1.2/apiguardian-api-1.1.2.jar:/Users/akmish/.m2/repository/io/cucumber/cucumber-core/6.11.0/cucumber-core-6.11.0.jar:/Users/akmish/.m2/repository/io/cucumber/cucumber-gherkin/6.11.0/cucumber-gherkin-6.11.0.jar:/Users/akmish/.m2/repository/io/cucumber/cucumber-gherkin-messages/6.11.0/cucumber-gherkin-messages-6.11.0.jar:/Users/akmish/.m2/repository/io/cucumber/messages/15.0.0/messages-15.0.0.jar:/Users/akmish/.m2/repository/io/cucumber/tag-expressions/3.0.1/tag-expressions-3.0.1.jar:/Users/akmish/.m2/repository/io/cucumber/cucumber-expressions/10.3.0/cucumber-expressions-10.3.0.jar:/Users/akmish/.m2/repository/io/cucumber/datatable/3.5.0/datatable-3.5.0.jar:/Users/akmish/.m2/repository/io/cucumber/cucumber-plugin/6.11.0/cucumber-plugin-6.11.0.jar:/Users/akmish/.m2/repository/io/cucumber/docstring/6.11.0/docstring-6.11.0.jar:/Users/akmish/.m2/repository/io/cucumber/html-formatter/13.0.0/html-formatter-13.0.0.jar:/Users/akmish/.m2/repository/io/cucumber/create-meta/4.0.0/create-meta-4.0.0.jar:/Users/akmish/.m2/repository/org/json/json/20190722/json-20190722.jar:/Users/akmish/.m2/repository/com/google/guava/guava-gwt/28.2-jre/guava-gwt-28.2-jre.jar:/Users/akmish/.m2/repository/com/google/guava/failureaccess/1.0.1/failureaccess-1.0.1.jar:/Users/akmish/.m2/repository/com/google/guava/guava/28.2-jre/guava-28.2-jre.jar:/Users/akmish/.m2/repository/com/google/guava/listenablefuture/9999.0-empty-to-avoid-conflict-with-guava/listenablefuture-9999.0-empty-to-avoid-conflict-with-guava.jar:/Users/akmish/.m2/repository/com/google/code/findbugs/jsr305/3.0.2/jsr305-3.0.2.jar:/Users/akmish/.m2/repository/com/google/errorprone/error_prone_annotations/2.3.4/error_prone_annotations-2.3.4.jar:/Users/akmish/.m2/repository/com/google/j2objc/j2objc-annotations/1.3/j2objc-annotations-1.3.jar:/Users/akmish/.m2/repository/com/google/elemental2/elemental2-promise/1.0.0-RC1/elemental2-promise-1.0.0-RC1.jar:/Users/akmish/.m2/repository/com/google/jsinterop/jsinterop-annotations/1.0.2/jsinterop-annotations-1.0.2.jar:/Users/akmish/.m2/repository/com/google/jsinterop/base/1.0.0-RC1/base-1.0.0-RC1.jar:/Users/akmish/.m2/repository/org/checkerframework/checker-qual/2.10.0/checker-qual-2.10.0.jar:/Users/akmish/.m2/repository/io/cucumber/cucumber-java/6.11.0/cucumber-java-6.11.0.jar:/Users/akmish/.m2/repository/org/seleniumhq/selenium/selenium-java/3.141.59/selenium-java-3.141.59.jar:/Users/akmish/.m2/repository/org/seleniumhq/selenium/selenium-api/3.141.59/selenium-api-3.141.59.jar:/Users/akmish/.m2/repository/org/seleniumhq/selenium/selenium-chrome-driver/3.141.59/selenium-chrome-driver-3.141.59.jar:/Users/akmish/.m2/repository/org/seleniumhq/selenium/selenium-edge-driver/3.141.59/selenium-edge-driver-3.141.59.jar:/Users/akmish/.m2/repository/org/seleniumhq/selenium/selenium-firefox-driver/3.141.59/selenium-firefox-driver-3.141.59.jar:/Users/akmish/.m2/repository/org/seleniumhq/selenium/selenium-ie-driver/3.141.59/selenium-ie-driver-3.141.59.jar:/Users/akmish/.m2/repository/org/seleniumhq/selenium/selenium-opera-driver/3.141.59/selenium-opera-driver-3.141.59.jar:/Users/akmish/.m2/repository/org/seleniumhq/selenium/selenium-remote-driver/3.141.59/selenium-remote-driver-3.141.59.jar:/Users/akmish/.m2/repository/org/seleniumhq/selenium/selenium-safari-driver/3.141.59/selenium-safari-driver-3.141.59.jar:/Users/akmish/.m2/repository/org/seleniumhq/selenium/selenium-support/3.141.59/selenium-support-3.141.59.jar:/Users/akmish/.m2/repository/net/bytebuddy/byte-buddy/1.8.15/byte-buddy-1.8.15.jar:/Users/akmish/.m2/repository/org/apache/commons/commons-exec/1.3/commons-exec-1.3.jar:/Users/akmish/.m2/repository/com/squareup/okhttp3/okhttp/3.11.0/okhttp-3.11.0.jar:/Users/akmish/.m2/repository/com/squareup/okio/okio/1.14.0/okio-1.14.0.jar:/Users/akmish/.m2/repository/junit/junit/4.12/junit-4.12.jar:/Users/akmish/.m2/repository/org/hamcrest/hamcrest-core/1.3/hamcrest-core-1.3.jar:/Users/akmish/.m2/repository/org/uncommons/reportng/1.1.4/reportng-1.1.4.jar:/Users/akmish/.m2/repository/org/testng/testng/7.6.1/testng-7.6.1.jar:/Users/akmish/.m2/repository/com/beust/jcommander/1.82/jcommander-1.82.jar:/Users/akmish/.m2/repository/org/webjars/jquery/3.6.0/jquery-3.6.0.jar:/Users/akmish/.m2/repository/velocity/velocity/1.4/velocity-1.4.jar:/Users/akmish/.m2/repository/com/google/inject/guice/4.0/guice-4.0.jar:/Users/akmish/.m2/repository/javax/inject/javax.inject/1/javax.inject-1.jar:/Users/akmish/.m2/repository/aopalliance/aopalliance/1.0/aopalliance-1.0.jar:/Users/akmish/.m2/repository/velocity/velocity-dep/1.4/velocity-dep-1.4.jar:/Users/akmish/.m2/repository/org/ocpsoft/prettytime/prettytime/3.2.7.Final/prettytime-3.2.7.Final.jar:/Users/akmish/.m2/repository/org/apache/commons/commons-lang3/3.4/commons-lang3-3.4.jar:/Users/akmish/.m2/repository/com/vimalselvam/cucumber-extentsreport/3.0.2/cucumber-extentsreport-3.0.2.jar:/Users/akmish/.m2/repository/com/aventstack/extentreports/3.1.1/extentreports-3.1.1.jar:/Users/akmish/.m2/repository/org/mongodb/mongodb-driver/3.3.0/mongodb-driver-3.3.0.jar:/Users/akmish/.m2/repository/org/mongodb/bson/3.3.0/bson-3.3.0.jar:/Users/akmish/.m2/repository/org/mongodb/mongodb-driver-core/3.3.0/mongodb-driver-core-3.3.0.jar:/Users/akmish/.m2/repository/org/apache/httpcomponents/httpclient/4.5.2/httpclient-4.5.2.jar:/Users/akmish/.m2/repository/org/apache/httpcomponents/httpcore/4.4.4/httpcore-4.4.4.jar:/Users/akmish/.m2/repository/commons-logging/commons-logging/1.2/commons-logging-1.2.jar:/Users/akmish/.m2/repository/commons-codec/commons-codec/1.9/commons-codec-1.9.jar:/Users/akmish/.m2/repository/org/apache/httpcomponents/httpmime/4.5.2/httpmime-4.5.2.jar:/Users/akmish/.m2/repository/com/google/code/gson/gson/2.8.0/gson-2.8.0.jar:/Users/akmish/.m2/repository/org/jsoup/jsoup/1.8.3/jsoup-1.8.3.jar:/Users/akmish/.m2/repository/org/xerial/sqlite-jdbc/3.8.11.1/sqlite-jdbc-3.8.11.1.jar:/Users/akmish/.m2/repository/org/freemarker/freemarker/2.3.23/freemarker-2.3.23.jar:/Users/akmish/.m2/repository/com/googlecode/json-simple/json-simple/1.1.1/json-simple-1.1.1.jar:/Users/akmish/.m2/repository/io/github/bonigarcia/webdrivermanager/4.0.0/webdrivermanager-4.0.0.jar:/Users/akmish/.m2/repository/org/slf4j/slf4j-api/1.7.30/slf4j-api-1.7.30.jar:/Users/akmish/.m2/repository/commons-io/commons-io/2.6/commons-io-2.6.jar:/Users/akmish/.m2/repository/org/apache/httpcomponents/client5/httpclient5/5.0/httpclient5-5.0.jar:/Users/akmish/.m2/repository/org/apache/httpcomponents/core5/httpcore5/5.0/httpcore5-5.0.jar:/Users/akmish/.m2/repository/org/apache/httpcomponents/core5/httpcore5-h2/5.0/httpcore5-h2-5.0.jar:/Users/akmish/.m2/repository/org/rauschig/jarchivelib/1.0.0/jarchivelib-1.0.0.jar:/Users/akmish/.m2/repository/org/apache/commons/commons-compress/1.18/commons-compress-1.18.jar:"/>
    <property name="sun.cpu.endian" value="little"/>
    <property name="user.home" value="/Users/akmish"/>
    <property name="user.language" value="en"/>
    <property name="java.specification.vendor" value="Oracle Corporation"/>
    <property name="java.version.date" value="2022-01-18"/>
    <property name="java.home" value="/Users/akmish/.p2/pool/plugins/org.eclipse.justj.openjdk.hotspot.jre.full.macosx.x86_64_11.0.14.v20220201-1322/jre"/>
    <property name="file.separator" value="/"/>
    <property name="basedir" value="/Users/akmish/Downloads/Account-Management"/>
    <property name="java.vm.compressedOopsMode" value="Zero based"/>
    <property name="line.separator" value="&#10;"/>
    <property name="java.specification.name" value="Java Platform API Specification"/>
    <property name="java.vm.specification.vendor" value="Oracle Corporation"/>
    <property name="java.awt.graphicsenv" value="sun.awt.CGraphicsEnvironment"/>
    <property name="surefire.real.class.path" value="/Users/akmish/Downloads/Account-Management/target/surefire/surefirebooter10747160877430507917.jar"/>
    <property name="sun.management.compiler" value="HotSpot 64-Bit Tiered Compilers"/>
    <property name="java.runtime.version" value="11.0.14+9"/>
    <property name="user.name" value="akmish"/>
    <property name="path.separator" value=":"/>
    <property name="os.version" value="11.6.8"/>
    <property name="java.runtime.name" value="OpenJDK Runtime Environment"/>
    <property name="file.encoding" value="UTF-8"/>
    <property name="java.vm.name" value="OpenJDK 64-Bit Server VM"/>
    <property name="java.vendor.version" value="Temurin-11.0.14+9"/>
    <property name="localRepository" value="/Users/akmish/.m2/repository"/>
    <property name="java.vendor.url.bug" value="https://github.com/adoptium/adoptium-support/issues"/>
    <property name="java.io.tmpdir" value="/var/folders/r5/b5gl0sy95c5_9bqsyvttp3900000gp/T/"/>
    <property name="java.version" value="11.0.14"/>
    <property name="user.dir" value="/Users/akmish/Downloads/Account-Management"/>
    <property name="os.arch" value="x86_64"/>
    <property name="java.vm.specification.name" value="Java Virtual Machine Specification"/>
    <property name="java.awt.printerjob" value="sun.lwawt.macosx.CPrinterJob"/>
    <property name="sun.os.patch.level" value="unknown"/>
    <property name="java.library.path" value="/Users/akmish/Library/Java/Extensions:/Library/Java/Extensions:/Network/Library/Java/Extensions:/System/Library/Java/Extensions:/usr/lib/java:."/>
    <property name="java.vm.info" value="mixed mode"/>
    <property name="java.vendor" value="Eclipse Adoptium"/>
    <property name="java.vm.version" value="11.0.14+9"/>
    <property name="sun.io.unicode.encoding" value="UnicodeBig"/>
    <property name="java.class.version" value="55.0"/>
  </properties>
  <testcase name="Check login with valid credentials" classname="Check login application with valid credentials" time="0.166">
    <error message="Failed to instantiate class com.am.stepdefinition.LoginStepDefinition" type="io.cucumber.core.exception.CucumberException">io.cucumber.core.exception.CucumberException: Failed to instantiate class com.am.stepdefinition.LoginStepDefinition
Caused by: java.lang.reflect.InvocationTargetException
Caused by: java.lang.NullPointerException
</error>
    <system-err><![CDATA[SLF4J: Failed to load class "org.slf4j.impl.StaticLoggerBinder".
SLF4J: Defaulting to no-operation (NOP) logger implementation
SLF4J: See http://www.slf4j.org/codes.html#StaticLoggerBinder for further details.
]]></system-err>
  </testcase>
</testsuite>